<?xml version="1.0" encoding="UTF-8"?>
<testng-results ignored="0" total="1" passed="1" failed="0" skipped="0">
  <reporter-output>
  </reporter-output>
  <suite started-at="2022-01-12T17:28:16 IST" name="Default suite" finished-at="2022-01-12T17:28:16 IST" duration-ms="493">
    <groups>
    </groups>
    <test started-at="2022-01-12T17:28:16 IST" name="Default test" finished-at="2022-01-12T17:28:16 IST" duration-ms="493">
      <class name="edureka.tests.ExtentReport">
        <test-method signature="reportTest()[pri:0, instance:edureka.tests.ExtentReport@d23e042]" started-at="2022-01-12T17:28:16 IST" name="reportTest" finished-at="2022-01-12T17:28:16 IST" duration-ms="454" status="PASS">
          <reporter-output>
          </reporter-output>
        </test-method> <!-- reportTest -->
      </class> <!-- edureka.tests.ExtentReport -->
    </test> <!-- Default test -->
  </suite> <!-- Default suite -->
</testng-results>
